<?xml version="1.0" encoding="UTF-8"?>
<!-- Generated by org.testng.reporters.JUnitXMLReporter -->
<testsuite ignored="0" hostname="DESKTOP-VCI8GB7" failures="0" tests="2" name="Test" time="0.172" errors="0" timestamp="2022-07-10T16:33:09 IST">
  <testcase classname="datadriven.DataDrivenTest" name="@BeforeClass setup" time="0.069">
    <failure type="java.lang.IllegalStateException" message="The driver executable must exist: C:\Drivers\chromedriver_win32\chromedriver.exe">
      <![CDATA[java.lang.IllegalStateException: The driver executable must exist: C:\Drivers\chromedriver_win32\chromedriver.exe
at org.openqa.selenium.internal.Require$FileStateChecker.isFile(Require.java:342)
at org.openqa.selenium.remote.service.DriverService.checkExecutable(DriverService.java:147)
at org.openqa.selenium.remote.service.DriverService.findExecutable(DriverService.java:142)
at org.openqa.selenium.chrome.ChromeDriverService.access$000(ChromeDriverService.java:38)
at org.openqa.selenium.chrome.ChromeDriverService$Builder.findDefaultExecutable(ChromeDriverService.java:231)
at org.openqa.selenium.remote.service.DriverService$Builder.build(DriverService.java:437)
at org.openqa.selenium.chrome.ChromeDriverService.createDefaultService(ChromeDriverService.java:127)
at org.openqa.selenium.chrome.ChromeDriver.<init>(ChromeDriver.java:48)
at datadriven.DataDrivenTest.setup(DataDrivenTest.java:25)
at java.base/java.util.ArrayList.forEach(ArrayList.java:1511)
... Removed 25 stack frames]]>
    </failure>
  </testcase> <!-- @BeforeClass setup -->
  <testcase classname="datadriven.DataDrivenTest" name="@AfterClass tearDown" time="-1.657450989048E9">
    <skipped/>
  </testcase> <!-- @AfterClass tearDown -->
  <testcase classname="datadriven.DataDrivenTest" name="loginTest" time="0.0">
    <skipped/>
  </testcase> <!-- loginTest -->
  <testcase classname="datadriven.NewTest" name="f" time="0.002"/>
</testsuite> <!-- Test -->
