<?xml version="1.0" encoding="UTF-8"?>
<testng-results ignored="0" total="13" passed="12" failed="1" skipped="0">
  <reporter-output>
  </reporter-output>
  <suite started-at="2022-08-17T14:59:48 IST" name="Suite" finished-at="2022-08-17T15:00:21 IST" duration-ms="32340">
    <groups>
    </groups>
    <test started-at="2022-08-17T14:59:48 IST" name="Test" finished-at="2022-08-17T15:00:21 IST" duration-ms="32340">
      <class name="com.reqres.requests.LoginUnsuccessfull">
        <test-method signature="loginunsuccessfull()[pri:0, instance:com.reqres.requests.LoginUnsuccessfull@2e6a8155]" started-at="2022-08-17T15:00:19 IST" name="loginunsuccessfull" finished-at="2022-08-17T15:00:19 IST" duration-ms="589" status="PASS">
          <reporter-output>
          </reporter-output>
        </test-method> <!-- loginunsuccessfull -->
      </class> <!-- com.reqres.requests.LoginUnsuccessfull -->
      <class name="com.reqres.requests.ListResources">
        <test-method signature="listresources()[pri:0, instance:com.reqres.requests.ListResources@6221a451]" started-at="2022-08-17T15:00:19 IST" name="listresources" finished-at="2022-08-17T15:00:19 IST" duration-ms="183" status="PASS">
          <reporter-output>
          </reporter-output>
        </test-method> <!-- listresources -->
      </class> <!-- com.reqres.requests.ListResources -->
      <class name="com.reqres.requests.ListUser">
        <test-method is-config="true" signature="setup()[pri:0, instance:com.reqres.requests.ListUser@6fdbe764]" started-at="2022-08-17T15:00:15 IST" name="setup" finished-at="2022-08-17T15:00:15 IST" duration-ms="140" status="PASS">
          <reporter-output>
          </reporter-output>
        </test-method> <!-- setup -->
        <test-method signature="ListUsersOnPageTwo()[pri:0, instance:com.reqres.requests.ListUser@6fdbe764]" started-at="2022-08-17T15:00:15 IST" name="ListUsersOnPageTwo" finished-at="2022-08-17T15:00:17 IST" duration-ms="2491" status="PASS">
          <reporter-output>
          </reporter-output>
        </test-method> <!-- ListUsersOnPageTwo -->
      </class> <!-- com.reqres.requests.ListUser -->
      <class name="com.reqres.requests.LogngSuccessfull">
        <test-method signature="loginsuccessfull()[pri:0, instance:com.reqres.requests.LogngSuccessfull@26e356f0]" started-at="2022-08-17T15:00:04 IST" name="loginsuccessfull" finished-at="2022-08-17T15:00:06 IST" duration-ms="1931" status="PASS">
          <reporter-output>
          </reporter-output>
        </test-method> <!-- loginsuccessfull -->
      </class> <!-- com.reqres.requests.LogngSuccessfull -->
      <class name="com.reqres.requests.DelayedResponse">
        <test-method signature="delayedresponse()[pri:0, instance:com.reqres.requests.DelayedResponse@47d9a273]" started-at="2022-08-17T15:00:06 IST" name="delayedresponse" finished-at="2022-08-17T15:00:15 IST" duration-ms="8995" status="PASS">
          <reporter-output>
          </reporter-output>
        </test-method> <!-- delayedresponse -->
      </class> <!-- com.reqres.requests.DelayedResponse -->
      <class name="com.reqres.requests.SingleResourceNotFound">
        <test-method signature="singleusernotfound()[pri:0, instance:com.reqres.requests.SingleResourceNotFound@3012646b]" started-at="2022-08-17T15:00:20 IST" name="singleusernotfound" finished-at="2022-08-17T15:00:21 IST" duration-ms="500" status="PASS">
          <reporter-output>
          </reporter-output>
        </test-method> <!-- singleusernotfound -->
      </class> <!-- com.reqres.requests.SingleResourceNotFound -->
      <class name="com.reqres.requests.RegisterUnsuccessful">
        <test-method signature="registerunsuccessful()[pri:0, instance:com.reqres.requests.RegisterUnsuccessful@51c668e3]" started-at="2022-08-17T15:00:17 IST" name="registerunsuccessful" finished-at="2022-08-17T15:00:19 IST" duration-ms="1352" status="PASS">
          <reporter-output>
          </reporter-output>
        </test-method> <!-- registerunsuccessful -->
      </class> <!-- com.reqres.requests.RegisterUnsuccessful -->
      <class name="com.reqres.requests.SingleResource">
        <test-method signature="singleresource()[pri:0, instance:com.reqres.requests.SingleResource@201a4587]" started-at="2022-08-17T14:59:52 IST" name="singleresource" finished-at="2022-08-17T14:59:52 IST" duration-ms="176" status="PASS">
          <reporter-output>
          </reporter-output>
        </test-method> <!-- singleresource -->
      </class> <!-- com.reqres.requests.SingleResource -->
      <class name="com.reqres.requests.Delete">
        <test-method signature="delete()[pri:0, instance:com.reqres.requests.Delete@52719fb6]" started-at="2022-08-17T15:00:19 IST" name="delete" finished-at="2022-08-17T15:00:20 IST" duration-ms="520" status="PASS">
          <reporter-output>
          </reporter-output>
        </test-method> <!-- delete -->
      </class> <!-- com.reqres.requests.Delete -->
      <class name="com.reqres.requests.Create">
        <test-method signature="create()[pri:0, instance:com.reqres.requests.Create@61001b64]" started-at="2022-08-17T14:59:52 IST" name="create" finished-at="2022-08-17T14:59:58 IST" duration-ms="6203" status="PASS">
          <reporter-output>
          </reporter-output>
        </test-method> <!-- create -->
      </class> <!-- com.reqres.requests.Create -->
      <class name="com.reqres.requests.UpdatePut">
        <test-method signature="updatePut()[pri:0, instance:com.reqres.requests.UpdatePut@4310d43]" started-at="2022-08-17T14:59:58 IST" name="updatePut" finished-at="2022-08-17T15:00:02 IST" duration-ms="3168" status="PASS">
          <reporter-output>
          </reporter-output>
        </test-method> <!-- updatePut -->
      </class> <!-- com.reqres.requests.UpdatePut -->
      <class name="com.reqres.requests.UpdatePatch">
        <test-method signature="update()[pri:0, instance:com.reqres.requests.UpdatePatch@194bcebf]" started-at="2022-08-17T14:59:48 IST" name="update" finished-at="2022-08-17T14:59:52 IST" duration-ms="3812" status="PASS">
          <reporter-output>
          </reporter-output>
        </test-method> <!-- update -->
      </class> <!-- com.reqres.requests.UpdatePatch -->
      <class name="com.reqres.requests.RegisterSuccessful">
        <test-method signature="registersuccessful()[pri:0, instance:com.reqres.requests.RegisterSuccessful@54a7079e]" started-at="2022-08-17T15:00:02 IST" name="registersuccessful" finished-at="2022-08-17T15:00:04 IST" duration-ms="2160" status="FAIL">
          <exception class="java.lang.AssertionError">
            <message>
              <![CDATA[expected [true] but found [false]]]>
            </message>
            <full-stacktrace>
              <![CDATA[java.lang.AssertionError: expected [true] but found [false]
at org.testng.Assert.fail(Assert.java:99)
at org.testng.Assert.failNotEquals(Assert.java:1037)
at org.testng.Assert.assertTrue(Assert.java:45)
at org.testng.Assert.assertTrue(Assert.java:55)
at com.reqres.requests.RegisterSuccessful.registersuccessful(RegisterSuccessful.java:32)
at java.base/jdk.internal.reflect.NativeMethodAccessorImpl.invoke0(Native Method)
at java.base/jdk.internal.reflect.NativeMethodAccessorImpl.invoke(NativeMethodAccessorImpl.java:77)
at java.base/jdk.internal.reflect.DelegatingMethodAccessorImpl.invoke(DelegatingMethodAccessorImpl.java:43)
at java.base/java.lang.reflect.Method.invoke(Method.java:568)
at org.testng.internal.MethodInvocationHelper.invokeMethod(MethodInvocationHelper.java:133)
at org.testng.internal.TestInvoker.invokeMethod(TestInvoker.java:598)
at org.testng.internal.TestInvoker.invokeTestMethod(TestInvoker.java:173)
at org.testng.internal.MethodRunner.runInSequence(MethodRunner.java:46)
at org.testng.internal.TestInvoker$MethodInvocationAgent.invoke(TestInvoker.java:824)
at org.testng.internal.TestInvoker.invokeTestMethods(TestInvoker.java:146)
at org.testng.internal.TestMethodWorker.invokeTestMethods(TestMethodWorker.java:146)
at org.testng.internal.TestMethodWorker.run(TestMethodWorker.java:128)
at java.base/java.util.ArrayList.forEach(ArrayList.java:1511)
at org.testng.TestRunner.privateRun(TestRunner.java:794)
at org.testng.TestRunner.run(TestRunner.java:596)
at org.testng.SuiteRunner.runTest(SuiteRunner.java:377)
at org.testng.SuiteRunner.runSequentially(SuiteRunner.java:371)
at org.testng.SuiteRunner.privateRun(SuiteRunner.java:332)
at org.testng.SuiteRunner.run(SuiteRunner.java:276)
at org.testng.SuiteRunnerWorker.runSuite(SuiteRunnerWorker.java:53)
at org.testng.SuiteRunnerWorker.run(SuiteRunnerWorker.java:96)
at org.testng.TestNG.runSuitesSequentially(TestNG.java:1212)
at org.testng.TestNG.runSuitesLocally(TestNG.java:1134)
at org.testng.TestNG.runSuites(TestNG.java:1063)
at org.testng.TestNG.run(TestNG.java:1031)
at org.testng.remote.AbstractRemoteTestNG.run(AbstractRemoteTestNG.java:115)
at org.testng.remote.RemoteTestNG.initAndRun(RemoteTestNG.java:251)
at org.testng.remote.RemoteTestNG.main(RemoteTestNG.java:77)
]]>
            </full-stacktrace>
          </exception> <!-- java.lang.AssertionError -->
          <reporter-output>
          </reporter-output>
        </test-method> <!-- registersuccessful -->
      </class> <!-- com.reqres.requests.RegisterSuccessful -->
    </test> <!-- Test -->
  </suite> <!-- Suite -->
</testng-results>
